MATLAB is selecting SOFTWARE OPENGL rendering.

                                                                              < M A T L A B (R) >
                                                                    Copyright 1984-2020 The MathWorks, Inc.
                                                                R2020b Update 1 (9.9.0.1495850) 64-bit (glnxa64)
                                                                               September 30, 2020

 
To get started, type doc.
For product information, visit www.mathworks.com.
 
[Warning: Function copyfile has the same name as a MATLAB builtin. We suggest you rename the function to avoid a potential name conflict.] 
[> In path (line 109)
In addpath (line 86)
In matlabrc (line 62)] 
Using cbsu startup file /hpc-software/matlab/cbu/cbu_startup_v3
Connection 1 of 227 added
Weights at time step 1 of 227 tuned
Connection 2 of 227 added
Weights at time step 2 of 227 tuned
Connection 3 of 227 added
Weights at time step 3 of 227 tuned
Connection 4 of 227 added
Weights at time step 4 of 227 tuned
Connection 5 of 227 added
Weights at time step 5 of 227 tuned
Connection 6 of 227 added
Weights at time step 6 of 227 tuned
Connection 7 of 227 added
Weights at time step 7 of 227 tuned
Connection 8 of 227 added
Weights at time step 8 of 227 tuned
Connection 9 of 227 added
Weights at time step 9 of 227 tuned
Connection 10 of 227 added
Weights at time step 10 of 227 tuned
Connection 11 of 227 added
Weights at time step 11 of 227 tuned
Connection 12 of 227 added
Weights at time step 12 of 227 tuned
Connection 13 of 227 added
Weights at time step 13 of 227 tuned
Connection 14 of 227 added
Weights at time step 14 of 227 tuned
Connection 15 of 227 added
Weights at time step 15 of 227 tuned
Connection 16 of 227 added
Weights at time step 16 of 227 tuned
Connection 17 of 227 added
Weights at time step 17 of 227 tuned
Connection 18 of 227 added
Weights at time step 18 of 227 tuned
Connection 19 of 227 added
Weights at time step 19 of 227 tuned
Connection 20 of 227 added
Weights at time step 20 of 227 tuned
Connection 21 of 227 added
Weights at time step 21 of 227 tuned
Connection 22 of 227 added
Weights at time step 22 of 227 tuned
Connection 23 of 227 added
Weights at time step 23 of 227 tuned
Connection 24 of 227 added
Weights at time step 24 of 227 tuned
Connection 25 of 227 added
Weights at time step 25 of 227 tuned
Connection 26 of 227 added
Weights at time step 26 of 227 tuned
Connection 27 of 227 added
Weights at time step 27 of 227 tuned
Connection 28 of 227 added
Weights at time step 28 of 227 tuned
Connection 29 of 227 added
Weights at time step 29 of 227 tuned
Connection 30 of 227 added
Weights at time step 30 of 227 tuned
Connection 31 of 227 added
Weights at time step 31 of 227 tuned
Connection 32 of 227 added
Weights at time step 32 of 227 tuned
Connection 33 of 227 added
Weights at time step 33 of 227 tuned
Connection 34 of 227 added
Weights at time step 34 of 227 tuned
Connection 35 of 227 added
Weights at time step 35 of 227 tuned
Connection 36 of 227 added
Weights at time step 36 of 227 tuned
Connection 37 of 227 added
Weights at time step 37 of 227 tuned
Connection 38 of 227 added
Weights at time step 38 of 227 tuned
Connection 39 of 227 added
Weights at time step 39 of 227 tuned
Connection 40 of 227 added
Weights at time step 40 of 227 tuned
Connection 41 of 227 added
Weights at time step 41 of 227 tuned
Connection 42 of 227 added
Weights at time step 42 of 227 tuned
Connection 43 of 227 added
Weights at time step 43 of 227 tuned
Connection 44 of 227 added
Weights at time step 44 of 227 tuned
Connection 45 of 227 added
Weights at time step 45 of 227 tuned
Connection 46 of 227 added
Weights at time step 46 of 227 tuned
Connection 47 of 227 added
Weights at time step 47 of 227 tuned
Connection 48 of 227 added
Weights at time step 48 of 227 tuned
Connection 49 of 227 added
Weights at time step 49 of 227 tuned
Connection 50 of 227 added
Weights at time step 50 of 227 tuned
Connection 51 of 227 added
Weights at time step 51 of 227 tuned
Connection 52 of 227 added
Weights at time step 52 of 227 tuned
Connection 53 of 227 added
Weights at time step 53 of 227 tuned
Connection 54 of 227 added
Weights at time step 54 of 227 tuned
Connection 55 of 227 added
Weights at time step 55 of 227 tuned
Connection 56 of 227 added
Weights at time step 56 of 227 tuned
Connection 57 of 227 added
Weights at time step 57 of 227 tuned
Connection 58 of 227 added
Weights at time step 58 of 227 tuned
Connection 59 of 227 added
Weights at time step 59 of 227 tuned
Connection 60 of 227 added
Weights at time step 60 of 227 tuned
Connection 61 of 227 added
Weights at time step 61 of 227 tuned
Connection 62 of 227 added
Weights at time step 62 of 227 tuned
Connection 63 of 227 added
Weights at time step 63 of 227 tuned
Connection 64 of 227 added
Weights at time step 64 of 227 tuned
Connection 65 of 227 added
Weights at time step 65 of 227 tuned
Connection 66 of 227 added
Weights at time step 66 of 227 tuned
Connection 67 of 227 added
Weights at time step 67 of 227 tuned
Connection 68 of 227 added
Weights at time step 68 of 227 tuned
Connection 69 of 227 added
Weights at time step 69 of 227 tuned
Connection 70 of 227 added
Weights at time step 70 of 227 tuned
Connection 71 of 227 added
Weights at time step 71 of 227 tuned
Connection 72 of 227 added
Weights at time step 72 of 227 tuned
Connection 73 of 227 added
Weights at time step 73 of 227 tuned
Connection 74 of 227 added
Weights at time step 74 of 227 tuned
Connection 75 of 227 added
Weights at time step 75 of 227 tuned
Connection 76 of 227 added
Weights at time step 76 of 227 tuned
Connection 77 of 227 added
Weights at time step 77 of 227 tuned
Connection 78 of 227 added
Weights at time step 78 of 227 tuned
Connection 79 of 227 added
Weights at time step 79 of 227 tuned
Connection 80 of 227 added
Weights at time step 80 of 227 tuned
Connection 81 of 227 added
Weights at time step 81 of 227 tuned
Connection 82 of 227 added
Weights at time step 82 of 227 tuned
Connection 83 of 227 added
Weights at time step 83 of 227 tuned
Connection 84 of 227 added
Weights at time step 84 of 227 tuned
Connection 85 of 227 added
Weights at time step 85 of 227 tuned
Connection 86 of 227 added
Weights at time step 86 of 227 tuned
Connection 87 of 227 added
Weights at time step 87 of 227 tuned
Connection 88 of 227 added
Weights at time step 88 of 227 tuned
Connection 89 of 227 added
Weights at time step 89 of 227 tuned
Connection 90 of 227 added
Weights at time step 90 of 227 tuned
Connection 91 of 227 added
Weights at time step 91 of 227 tuned
Connection 92 of 227 added
Weights at time step 92 of 227 tuned
Connection 93 of 227 added
Weights at time step 93 of 227 tuned
Connection 94 of 227 added
Weights at time step 94 of 227 tuned
Connection 95 of 227 added
Weights at time step 95 of 227 tuned
Connection 96 of 227 added
Weights at time step 96 of 227 tuned
Connection 97 of 227 added
Weights at time step 97 of 227 tuned
Connection 98 of 227 added
Weights at time step 98 of 227 tuned
Connection 99 of 227 added
Weights at time step 99 of 227 tuned
Connection 100 of 227 added
Weights at time step 100 of 227 tuned
Connection 101 of 227 added
Weights at time step 101 of 227 tuned
Connection 102 of 227 added
Weights at time step 102 of 227 tuned
Connection 103 of 227 added
Weights at time step 103 of 227 tuned
Connection 104 of 227 added
Weights at time step 104 of 227 tuned
Connection 105 of 227 added
Weights at time step 105 of 227 tuned
Connection 106 of 227 added
Weights at time step 106 of 227 tuned
Connection 107 of 227 added
Weights at time step 107 of 227 tuned
Connection 108 of 227 added
Weights at time step 108 of 227 tuned
Connection 109 of 227 added
Weights at time step 109 of 227 tuned
Connection 110 of 227 added
Weights at time step 110 of 227 tuned
Connection 111 of 227 added
Weights at time step 111 of 227 tuned
Connection 112 of 227 added
Weights at time step 112 of 227 tuned
Connection 113 of 227 added
Weights at time step 113 of 227 tuned
Connection 114 of 227 added
Weights at time step 114 of 227 tuned
Connection 115 of 227 added
Weights at time step 115 of 227 tuned
Connection 116 of 227 added
Weights at time step 116 of 227 tuned
Connection 117 of 227 added
Weights at time step 117 of 227 tuned
Connection 118 of 227 added
Weights at time step 118 of 227 tuned
Connection 119 of 227 added
Weights at time step 119 of 227 tuned
Connection 120 of 227 added
Weights at time step 120 of 227 tuned
Connection 121 of 227 added
Weights at time step 121 of 227 tuned
Connection 122 of 227 added
Weights at time step 122 of 227 tuned
Connection 123 of 227 added
Weights at time step 123 of 227 tuned
Connection 124 of 227 added
Weights at time step 124 of 227 tuned
Connection 125 of 227 added
Weights at time step 125 of 227 tuned
